
*** Running vivado
    with args -log aafu.vds -m64 -product Vivado -mode batch -messageDb vivado.pb -notrace -source aafu.tcl



****** Vivado v2022.2 (64-bit)
  **** SW Build 3671981 on Fri Oct 14 05:00:03 MDT 2022
  **** IP Build 3669848 on Fri Oct 14 08:30:02 MDT 2022
    ** Copyright 1986-2022 Xilinx, Inc. All Rights Reserved.

source aafu.tcl -notrace
create_project: Time (s): cpu = 00:00:06 ; elapsed = 00:00:12 . Memory (MB): peak = 395.047 ; gain = 69.645
Command: read_checkpoint -auto_incremental -incremental F:/project/aafu/aafu.srcs/utils_1/imports/synth_1/aafu.dcp
INFO: [Vivado 12-5825] Read reference checkpoint from F:/project/aafu/aafu.srcs/utils_1/imports/synth_1/aafu.dcp for incremental synthesis
INFO: [Vivado 12-7989] Please ensure there are no constraint changes
Command: synth_design -top aafu -part xc7k70tfbv676-1
Starting synth_design
Attempting to get a license for feature 'Synthesis' and/or device 'xc7k70t'
INFO: [Common 17-349] Got license for feature 'Synthesis' and/or device 'xc7k70t'
INFO: [Designutils 20-5440] No compile time benefit to using incremental synthesis; A full resynthesis will be run
INFO: [Designutils 20-4379] Flow is switching to default flow due to incremental criteria not met. If you would like to alter this behaviour and have the flow terminate instead, please set the following parameter config_implementation {autoIncr.Synth.RejectBehavior Terminate}
INFO: [Synth 8-7079] Multithreading enabled for synth_design using a maximum of 2 processes.
INFO: [Synth 8-7078] Launching helper process for spawning children vivado processes
INFO: [Synth 8-7075] Helper process launched with PID 14416
INFO: [Synth 8-11241] undeclared symbol 'REGCCE', assumed default net type 'wire' [F:/vivado/Vivado/2022.2/data/verilog/src/unimacro/BRAM_SINGLE_MACRO.v:2170]
---------------------------------------------------------------------------------
Starting Synthesize : Time (s): cpu = 00:00:10 ; elapsed = 00:00:14 . Memory (MB): peak = 838.801 ; gain = 410.891
---------------------------------------------------------------------------------
INFO: [Synth 8-6157] synthesizing module 'aafu' [F:/project/aafu/aafu.srcs/sources_1/new/aafu.v:241]
INFO: [Synth 8-6157] synthesizing module 'SIGN_conv' [F:/project/aafu/aafu.srcs/sources_1/new/aafu.v:37]
INFO: [Synth 8-6157] synthesizing module 'sgn' [F:/project/aafu/aafu.srcs/sources_1/new/aafu.v:27]
INFO: [Synth 8-6155] done synthesizing module 'sgn' (0#1) [F:/project/aafu/aafu.srcs/sources_1/new/aafu.v:27]
INFO: [Synth 8-6155] done synthesizing module 'SIGN_conv' (0#1) [F:/project/aafu/aafu.srcs/sources_1/new/aafu.v:37]
INFO: [Synth 8-6157] synthesizing module 'DOMAIN_Decoder' [F:/project/aafu/aafu.srcs/sources_1/new/aafu.v:65]
INFO: [Synth 8-6155] done synthesizing module 'DOMAIN_Decoder' (0#1) [F:/project/aafu/aafu.srcs/sources_1/new/aafu.v:65]
INFO: [Synth 8-6157] synthesizing module 'mux_c' [F:/project/aafu/aafu.srcs/sources_1/new/aafu.v:109]
INFO: [Synth 8-6155] done synthesizing module 'mux_c' (0#1) [F:/project/aafu/aafu.srcs/sources_1/new/aafu.v:109]
INFO: [Synth 8-6157] synthesizing module 'modified_input_block' [F:/project/aafu/aafu.srcs/sources_1/new/aafu.v:137]
INFO: [Synth 8-6155] done synthesizing module 'modified_input_block' (0#1) [F:/project/aafu/aafu.srcs/sources_1/new/aafu.v:137]
INFO: [Synth 8-6157] synthesizing module 'adder_ful' [F:/project/aafu/aafu.srcs/sources_1/new/aafu.v:170]
INFO: [Synth 8-6157] synthesizing module 'adder' [F:/project/aafu/aafu.srcs/sources_1/new/aafu.v:160]
INFO: [Synth 8-6155] done synthesizing module 'adder' (0#1) [F:/project/aafu/aafu.srcs/sources_1/new/aafu.v:160]
INFO: [Synth 8-6155] done synthesizing module 'adder_ful' (0#1) [F:/project/aafu/aafu.srcs/sources_1/new/aafu.v:170]
INFO: [Synth 8-6157] synthesizing module 'mux_2to1' [F:/project/aafu/aafu.srcs/sources_1/new/aafu.v:209]
INFO: [Synth 8-6155] done synthesizing module 'mux_2to1' (0#1) [F:/project/aafu/aafu.srcs/sources_1/new/aafu.v:209]
INFO: [Synth 8-6157] synthesizing module 'selective_1_comp' [F:/project/aafu/aafu.srcs/sources_1/new/aafu.v:218]
INFO: [Synth 8-6155] done synthesizing module 'selective_1_comp' (0#1) [F:/project/aafu/aafu.srcs/sources_1/new/aafu.v:218]
INFO: [Synth 8-6155] done synthesizing module 'aafu' (0#1) [F:/project/aafu/aafu.srcs/sources_1/new/aafu.v:241]
---------------------------------------------------------------------------------
Finished Synthesize : Time (s): cpu = 00:00:12 ; elapsed = 00:00:17 . Memory (MB): peak = 928.602 ; gain = 500.691
---------------------------------------------------------------------------------
---------------------------------------------------------------------------------
Finished Constraint Validation : Time (s): cpu = 00:00:13 ; elapsed = 00:00:18 . Memory (MB): peak = 928.602 ; gain = 500.691
---------------------------------------------------------------------------------
---------------------------------------------------------------------------------
Start Loading Part and Timing Information
---------------------------------------------------------------------------------
Loading part: xc7k70tfbv676-1
---------------------------------------------------------------------------------
INFO: [Device 21-403] Loading part xc7k70tfbv676-1
Finished Loading Part and Timing Information : Time (s): cpu = 00:00:13 ; elapsed = 00:00:18 . Memory (MB): peak = 928.602 ; gain = 500.691
---------------------------------------------------------------------------------
WARNING: [Synth 8-327] inferring latch for variable 'y_reg' [F:/project/aafu/aafu.srcs/sources_1/new/aafu.v:118]
---------------------------------------------------------------------------------
Finished RTL Optimization Phase 2 : Time (s): cpu = 00:00:13 ; elapsed = 00:00:19 . Memory (MB): peak = 928.602 ; gain = 500.691
---------------------------------------------------------------------------------
No constraint files found.
---------------------------------------------------------------------------------
Start RTL Component Statistics 
---------------------------------------------------------------------------------
Detailed RTL Component Info : 
+---Adders : 
	   2 Input    8 Bit       Adders := 1     
+---XORs : 
	   2 Input      1 Bit         XORs := 22    
	   3 Input      1 Bit         XORs := 16    
+---Muxes : 
	   4 Input   16 Bit        Muxes := 2     
	   2 Input    8 Bit        Muxes := 1     
	   4 Input    2 Bit        Muxes := 1     
	   6 Input    2 Bit        Muxes := 1     
	   2 Input    1 Bit        Muxes := 1     
---------------------------------------------------------------------------------
Finished RTL Component Statistics 
---------------------------------------------------------------------------------
---------------------------------------------------------------------------------
Start Part Resource Summary
---------------------------------------------------------------------------------
Part Resources:
DSPs: 240 (col length:80)
BRAMs: 270 (col length: RAMB18 80 RAMB36 40)
---------------------------------------------------------------------------------
Finished Part Resource Summary
---------------------------------------------------------------------------------
No constraint files found.
---------------------------------------------------------------------------------
Start Cross Boundary and Area Optimization
---------------------------------------------------------------------------------
WARNING: [Synth 8-7080] Parallel synthesis criteria is not met
WARNING: [Synth 8-3332] Sequential element (M1/y_reg[1]) is unused and will be removed from module aafu.
WARNING: [Synth 8-3332] Sequential element (M1/y_reg[2]) is unused and will be removed from module aafu.
WARNING: [Synth 8-3332] Sequential element (M1/y_reg[3]) is unused and will be removed from module aafu.
WARNING: [Synth 8-3332] Sequential element (M1/y_reg[4]) is unused and will be removed from module aafu.
WARNING: [Synth 8-3332] Sequential element (M1/y_reg[5]) is unused and will be removed from module aafu.
WARNING: [Synth 8-3332] Sequential element (M1/y_reg[6]) is unused and will be removed from module aafu.
WARNING: [Synth 8-3332] Sequential element (M1/y_reg[7]) is unused and will be removed from module aafu.
WARNING: [Synth 8-3332] Sequential element (M1/y_reg[8]) is unused and will be removed from module aafu.
WARNING: [Synth 8-3332] Sequential element (M1/y_reg[9]) is unused and will be removed from module aafu.
WARNING: [Synth 8-3332] Sequential element (M1/y_reg[10]) is unused and will be removed from module aafu.
WARNING: [Synth 8-3332] Sequential element (M1/y_reg[11]) is unused and will be removed from module aafu.
WARNING: [Synth 8-3332] Sequential element (M1/y_reg[12]) is unused and will be removed from module aafu.
WARNING: [Synth 8-3332] Sequential element (M1/y_reg[13]) is unused and will be removed from module aafu.
WARNING: [Synth 8-3332] Sequential element (M1/y_reg[15]) is unused and will be removed from module aafu.
WARNING: [Synth 8-3332] Sequential element (M1/y_reg[16]) is unused and will be removed from module aafu.
WARNING: [Synth 8-3332] Sequential element (M2/y_reg[1]) is unused and will be removed from module aafu.
WARNING: [Synth 8-3332] Sequential element (M2/y_reg[2]) is unused and will be removed from module aafu.
WARNING: [Synth 8-3332] Sequential element (M2/y_reg[3]) is unused and will be removed from module aafu.
WARNING: [Synth 8-3332] Sequential element (M2/y_reg[4]) is unused and will be removed from module aafu.
WARNING: [Synth 8-3332] Sequential element (M2/y_reg[5]) is unused and will be removed from module aafu.
WARNING: [Synth 8-3332] Sequential element (M2/y_reg[6]) is unused and will be removed from module aafu.
WARNING: [Synth 8-3332] Sequential element (M2/y_reg[7]) is unused and will be removed from module aafu.
WARNING: [Synth 8-3332] Sequential element (M2/y_reg[8]) is unused and will be removed from module aafu.
WARNING: [Synth 8-3332] Sequential element (M2/y_reg[9]) is unused and will be removed from module aafu.
WARNING: [Synth 8-3332] Sequential element (M2/y_reg[10]) is unused and will be removed from module aafu.
WARNING: [Synth 8-3332] Sequential element (M2/y_reg[11]) is unused and will be removed from module aafu.
WARNING: [Synth 8-3332] Sequential element (M2/y_reg[12]) is unused and will be removed from module aafu.
WARNING: [Synth 8-3332] Sequential element (M2/y_reg[13]) is unused and will be removed from module aafu.
WARNING: [Synth 8-3332] Sequential element (M2/y_reg[14]) is unused and will be removed from module aafu.
WARNING: [Synth 8-3332] Sequential element (M2/y_reg[15]) is unused and will be removed from module aafu.
WARNING: [Synth 8-3332] Sequential element (M2/y_reg[16]) is unused and will be removed from module aafu.
---------------------------------------------------------------------------------
Finished Cross Boundary and Area Optimization : Time (s): cpu = 00:00:21 ; elapsed = 00:00:53 . Memory (MB): peak = 1116.398 ; gain = 688.488
---------------------------------------------------------------------------------
No constraint files found.
---------------------------------------------------------------------------------
Start Timing Optimization
---------------------------------------------------------------------------------
---------------------------------------------------------------------------------
Finished Timing Optimization : Time (s): cpu = 00:00:21 ; elapsed = 00:00:53 . Memory (MB): peak = 1116.398 ; gain = 688.488
---------------------------------------------------------------------------------
---------------------------------------------------------------------------------
Start Technology Mapping
---------------------------------------------------------------------------------
---------------------------------------------------------------------------------
Finished Technology Mapping : Time (s): cpu = 00:00:21 ; elapsed = 00:00:53 . Memory (MB): peak = 1116.398 ; gain = 688.488
---------------------------------------------------------------------------------
---------------------------------------------------------------------------------
Start IO Insertion
---------------------------------------------------------------------------------
---------------------------------------------------------------------------------
Start Flattening Before IO Insertion
---------------------------------------------------------------------------------
---------------------------------------------------------------------------------
Finished Flattening Before IO Insertion
---------------------------------------------------------------------------------
---------------------------------------------------------------------------------
Start Final Netlist Cleanup
---------------------------------------------------------------------------------
---------------------------------------------------------------------------------
Finished Final Netlist Cleanup
---------------------------------------------------------------------------------
---------------------------------------------------------------------------------
Finished IO Insertion : Time (s): cpu = 00:00:26 ; elapsed = 00:00:58 . Memory (MB): peak = 1116.398 ; gain = 688.488
---------------------------------------------------------------------------------
---------------------------------------------------------------------------------
Start Renaming Generated Instances
---------------------------------------------------------------------------------
---------------------------------------------------------------------------------
Finished Renaming Generated Instances : Time (s): cpu = 00:00:26 ; elapsed = 00:00:58 . Memory (MB): peak = 1116.398 ; gain = 688.488
---------------------------------------------------------------------------------
---------------------------------------------------------------------------------
Start Rebuilding User Hierarchy
---------------------------------------------------------------------------------
---------------------------------------------------------------------------------
Finished Rebuilding User Hierarchy : Time (s): cpu = 00:00:26 ; elapsed = 00:00:58 . Memory (MB): peak = 1116.398 ; gain = 688.488
---------------------------------------------------------------------------------
---------------------------------------------------------------------------------
Start Renaming Generated Ports
---------------------------------------------------------------------------------
---------------------------------------------------------------------------------
Finished Renaming Generated Ports : Time (s): cpu = 00:00:26 ; elapsed = 00:00:58 . Memory (MB): peak = 1116.398 ; gain = 688.488
---------------------------------------------------------------------------------
---------------------------------------------------------------------------------
Start Handling Custom Attributes
---------------------------------------------------------------------------------
---------------------------------------------------------------------------------
Finished Handling Custom Attributes : Time (s): cpu = 00:00:26 ; elapsed = 00:00:58 . Memory (MB): peak = 1116.398 ; gain = 688.488
---------------------------------------------------------------------------------
---------------------------------------------------------------------------------
Start Renaming Generated Nets
---------------------------------------------------------------------------------
---------------------------------------------------------------------------------
Finished Renaming Generated Nets : Time (s): cpu = 00:00:26 ; elapsed = 00:00:58 . Memory (MB): peak = 1116.398 ; gain = 688.488
---------------------------------------------------------------------------------
---------------------------------------------------------------------------------
Start Writing Synthesis Report
---------------------------------------------------------------------------------

Report BlackBoxes: 
+-+--------------+----------+
| |BlackBox name |Instances |
+-+--------------+----------+
+-+--------------+----------+

Report Cell Usage: 
+------+------+------+
|      |Cell  |Count |
+------+------+------+
|1     |LUT2  |     1|
|2     |LUT3  |     4|
|3     |LUT4  |     6|
|4     |LUT5  |     9|
|5     |LUT6  |    49|
|6     |MUXF7 |     4|
|7     |IBUF  |    17|
|8     |OBUF  |     8|
+------+------+------+

Report Instance Areas: 
+------+---------+-------+------+
|      |Instance |Module |Cells |
+------+---------+-------+------+
|1     |top      |       |    98|
+------+---------+-------+------+
---------------------------------------------------------------------------------
Finished Writing Synthesis Report : Time (s): cpu = 00:00:26 ; elapsed = 00:00:58 . Memory (MB): peak = 1116.398 ; gain = 688.488
---------------------------------------------------------------------------------
Synthesis finished with 0 errors, 0 critical warnings and 33 warnings.
Synthesis Optimization Runtime : Time (s): cpu = 00:00:26 ; elapsed = 00:00:58 . Memory (MB): peak = 1116.398 ; gain = 688.488
Synthesis Optimization Complete : Time (s): cpu = 00:00:26 ; elapsed = 00:00:58 . Memory (MB): peak = 1116.398 ; gain = 688.488
INFO: [Project 1-571] Translating synthesized netlist
Netlist sorting complete. Time (s): cpu = 00:00:00 ; elapsed = 00:00:00.001 . Memory (MB): peak = 1129.043 ; gain = 0.000
INFO: [Netlist 29-17] Analyzing 4 Unisim elements for replacement
INFO: [Netlist 29-28] Unisim Transformation completed in 0 CPU seconds
INFO: [Project 1-570] Preparing netlist for logic optimization
INFO: [Opt 31-138] Pushed 0 inverter(s) to 0 load pin(s).
Netlist sorting complete. Time (s): cpu = 00:00:00 ; elapsed = 00:00:00 . Memory (MB): peak = 1224.738 ; gain = 0.000
INFO: [Project 1-111] Unisim Transformation Summary:
No Unisim elements were transformed.

Synth Design complete, checksum: 580e1da8
INFO: [Common 17-83] Releasing license: Synthesis
37 Infos, 33 Warnings, 0 Critical Warnings and 0 Errors encountered.
synth_design completed successfully
synth_design: Time (s): cpu = 00:00:30 ; elapsed = 00:01:02 . Memory (MB): peak = 1224.738 ; gain = 804.844
INFO: [Common 17-1381] The checkpoint 'F:/project/aafu/aafu.runs/synth_1/aafu.dcp' has been generated.
INFO: [runtcl-4] Executing : report_utilization -file aafu_utilization_synth.rpt -pb aafu_utilization_synth.pb
INFO: [Common 17-206] Exiting Vivado at Sun Dec 14 17:32:01 2025...
