Copyright 1986-2022 Xilinx, Inc. All Rights Reserved.
---------------------------------------------------------------------------------------------------------------------------------------------------------------------------------------------------------
| Tool Version : Vivado v.2022.2 (win64) Build 3671981 Fri Oct 14 05:00:03 MDT 2022
| Date         : Sun Dec 14 17:33:23 2025
| Host         : DESKTOP-CM1PGBH running 64-bit major release  (build 9200)
| Command      : report_timing_summary -max_paths 10 -report_unconstrained -file aafu_timing_summary_routed.rpt -pb aafu_timing_summary_routed.pb -rpx aafu_timing_summary_routed.rpx -warn_on_violation
| Design       : aafu
| Device       : 7k70t-fbv676
| Speed File   : -1  PRODUCTION 1.12 2017-02-17
---------------------------------------------------------------------------------------------------------------------------------------------------------------------------------------------------------

Timing Summary Report

------------------------------------------------------------------------------------------------
| Timer Settings
| --------------
------------------------------------------------------------------------------------------------

  Enable Multi Corner Analysis               :  Yes
  Enable Pessimism Removal                   :  Yes
  Pessimism Removal Resolution               :  Nearest Common Node
  Enable Input Delay Default Clock           :  No
  Enable Preset / Clear Arcs                 :  No
  Disable Flight Delays                      :  No
  Ignore I/O Paths                           :  No
  Timing Early Launch at Borrowing Latches   :  No
  Borrow Time for Max Delay Exceptions       :  Yes
  Merge Timing Exceptions                    :  Yes

  Corner  Analyze    Analyze    
  Name    Max Paths  Min Paths  
  ------  ---------  ---------  
  Slow    Yes        Yes        
  Fast    Yes        Yes        


------------------------------------------------------------------------------------------------
| Report Methodology
| ------------------
------------------------------------------------------------------------------------------------

No report available as report_methodology has not been run prior. Run report_methodology on the current design for the summary of methodology violations.



check_timing report

Table of Contents
-----------------
1. checking no_clock (0)
2. checking constant_clock (0)
3. checking pulse_width_clock (0)
4. checking unconstrained_internal_endpoints (0)
5. checking no_input_delay (0)
6. checking no_output_delay (0)
7. checking multiple_clock (0)
8. checking generated_clocks (0)
9. checking loops (0)
10. checking partial_input_delay (0)
11. checking partial_output_delay (0)
12. checking latch_loops (0)

1. checking no_clock (0)
------------------------
 There are 0 register/latch pins with no clock.


2. checking constant_clock (0)
------------------------------
 There are 0 register/latch pins with constant_clock.


3. checking pulse_width_clock (0)
---------------------------------
 There are 0 register/latch pins which need pulse_width check


4. checking unconstrained_internal_endpoints (0)
------------------------------------------------
 There are 0 pins that are not constrained for maximum delay.

 There are 0 pins that are not constrained for maximum delay due to constant clock.


5. checking no_input_delay (0)
------------------------------
 There are 0 input ports with no input delay specified.

 There are 0 input ports with no input delay but user has a false path constraint.


6. checking no_output_delay (0)
-------------------------------
 There are 0 ports with no output delay specified.

 There are 0 ports with no output delay but user has a false path constraint

 There are 0 ports with no output delay but with a timing clock defined on it or propagating through it


7. checking multiple_clock (0)
------------------------------
 There are 0 register/latch pins with multiple clocks.


8. checking generated_clocks (0)
--------------------------------
 There are 0 generated clocks that are not connected to a clock source.


9. checking loops (0)
---------------------
 There are 0 combinational loops in the design.


10. checking partial_input_delay (0)
------------------------------------
 There are 0 input ports with partial input delay specified.


11. checking partial_output_delay (0)
-------------------------------------
 There are 0 ports with partial output delay specified.


12. checking latch_loops (0)
----------------------------
 There are 0 combinational latch loops in the design through latch input



------------------------------------------------------------------------------------------------
| Design Timing Summary
| ---------------------
------------------------------------------------------------------------------------------------

    WNS(ns)      TNS(ns)  TNS Failing Endpoints  TNS Total Endpoints      WHS(ns)      THS(ns)  THS Failing Endpoints  THS Total Endpoints     WPWS(ns)     TPWS(ns)  TPWS Failing Endpoints  TPWS Total Endpoints  
    -------      -------  ---------------------  -------------------      -------      -------  ---------------------  -------------------     --------     --------  ----------------------  --------------------  
        inf        0.000                      0                    8          inf        0.000                      0                    8           NA           NA                      NA                    NA  


There are no user specified timing constraints.


------------------------------------------------------------------------------------------------
| Clock Summary
| -------------
------------------------------------------------------------------------------------------------


------------------------------------------------------------------------------------------------
| Intra Clock Table
| -----------------
------------------------------------------------------------------------------------------------

Clock             WNS(ns)      TNS(ns)  TNS Failing Endpoints  TNS Total Endpoints      WHS(ns)      THS(ns)  THS Failing Endpoints  THS Total Endpoints     WPWS(ns)     TPWS(ns)  TPWS Failing Endpoints  TPWS Total Endpoints  
-----             -------      -------  ---------------------  -------------------      -------      -------  ---------------------  -------------------     --------     --------  ----------------------  --------------------  


------------------------------------------------------------------------------------------------
| Inter Clock Table
| -----------------
------------------------------------------------------------------------------------------------

From Clock    To Clock          WNS(ns)      TNS(ns)  TNS Failing Endpoints  TNS Total Endpoints      WHS(ns)      THS(ns)  THS Failing Endpoints  THS Total Endpoints  
----------    --------          -------      -------  ---------------------  -------------------      -------      -------  ---------------------  -------------------  


------------------------------------------------------------------------------------------------
| Other Path Groups Table
| -----------------------
------------------------------------------------------------------------------------------------

Path Group    From Clock    To Clock          WNS(ns)      TNS(ns)  TNS Failing Endpoints  TNS Total Endpoints      WHS(ns)      THS(ns)  THS Failing Endpoints  THS Total Endpoints  
----------    ----------    --------          -------      -------  ---------------------  -------------------      -------      -------  ---------------------  -------------------  


------------------------------------------------------------------------------------------------
| User Ignored Path Table
| -----------------------
------------------------------------------------------------------------------------------------

Path Group    From Clock    To Clock    
----------    ----------    --------    


------------------------------------------------------------------------------------------------
| Unconstrained Path Table
| ------------------------
------------------------------------------------------------------------------------------------

Path Group    From Clock    To Clock    
----------    ----------    --------    
(none)                                    


------------------------------------------------------------------------------------------------
| Timing Details
| --------------
------------------------------------------------------------------------------------------------


--------------------------------------------------------------------------------------
Path Group:  (none)
From Clock:  
  To Clock:  

Max Delay             8 Endpoints
Min Delay             8 Endpoints
--------------------------------------------------------------------------------------


Max Delay Paths
--------------------------------------------------------------------------------------
Slack:                    inf
  Source:                 In[11]
                            (input port)
  Destination:            Y[6]
                            (output port)
  Path Group:             (none)
  Path Type:              Max at Slow Process Corner
  Data Path Delay:        8.421ns  (logic 3.492ns (41.470%)  route 4.929ns (58.530%))
  Logic Levels:           6  (IBUF=1 LUT6=4 OBUF=1)

    Location             Delay type                Incr(ns)  Path(ns)    Netlist Resource(s)
  -------------------------------------------------------------------    -------------------
    T19                                               0.000     0.000 f  In[11] (IN)
                         net (fo=0)                   0.000     0.000    In[11]
    T19                  IBUF (Prop_ibuf_I_O)         0.809     0.809 f  In_IBUF[11]_inst/O
                         net (fo=25, routed)          1.724     2.534    In_IBUF[11]
    SLICE_X3Y14          LUT6 (Prop_lut6_I5_O)        0.053     2.587 r  Y_OBUF[6]_inst_i_10/O
                         net (fo=1, routed)           0.549     3.136    Y_OBUF[6]_inst_i_10_n_0
    SLICE_X3Y13          LUT6 (Prop_lut6_I4_O)        0.053     3.189 r  Y_OBUF[6]_inst_i_5/O
                         net (fo=1, routed)           0.443     3.632    Y_OBUF[6]_inst_i_5_n_0
    SLICE_X2Y13          LUT6 (Prop_lut6_I3_O)        0.053     3.685 r  Y_OBUF[6]_inst_i_2/O
                         net (fo=1, routed)           0.814     4.499    Y_OBUF[6]_inst_i_2_n_0
    SLICE_X0Y15          LUT6 (Prop_lut6_I0_O)        0.053     4.552 r  Y_OBUF[6]_inst_i_1/O
                         net (fo=1, routed)           1.397     5.950    Y_OBUF[6]
    R22                  OBUF (Prop_obuf_I_O)         2.471     8.421 r  Y_OBUF[6]_inst/O
                         net (fo=0)                   0.000     8.421    Y[6]
    R22                                                               r  Y[6] (OUT)
  -------------------------------------------------------------------    -------------------

Slack:                    inf
  Source:                 In[9]
                            (input port)
  Destination:            Y[8]
                            (output port)
  Path Group:             (none)
  Path Type:              Max at Slow Process Corner
  Data Path Delay:        8.176ns  (logic 3.838ns (46.943%)  route 4.338ns (53.057%))
  Logic Levels:           7  (IBUF=1 LUT4=1 LUT5=1 LUT6=2 MUXF7=1 OBUF=1)

    Location             Delay type                Incr(ns)  Path(ns)    Netlist Resource(s)
  -------------------------------------------------------------------    -------------------
    N17                                               0.000     0.000 r  In[9] (IN)
                         net (fo=0)                   0.000     0.000    In[9]
    N17                  IBUF (Prop_ibuf_I_O)         0.812     0.812 r  In_IBUF[9]_inst/O
                         net (fo=26, routed)          1.465     2.278    In_IBUF[9]
    SLICE_X3Y12          LUT5 (Prop_lut5_I0_O)        0.063     2.341 r  Y_OBUF[8]_inst_i_12/O
                         net (fo=1, routed)           0.451     2.792    Y_OBUF[8]_inst_i_12_n_0
    SLICE_X3Y14          LUT6 (Prop_lut6_I0_O)        0.170     2.962 r  Y_OBUF[8]_inst_i_10/O
                         net (fo=1, routed)           0.411     3.373    Y_OBUF[8]_inst_i_10_n_0
    SLICE_X3Y13          LUT6 (Prop_lut6_I3_O)        0.053     3.426 r  Y_OBUF[8]_inst_i_5/O
                         net (fo=1, routed)           0.456     3.882    Y_OBUF[8]_inst_i_5_n_0
    SLICE_X3Y13          LUT4 (Prop_lut4_I1_O)        0.053     3.935 r  Y_OBUF[8]_inst_i_3/O
                         net (fo=1, routed)           0.000     3.935    Y_OBUF[8]_inst_i_3_n_0
    SLICE_X3Y13          MUXF7 (Prop_muxf7_I1_O)      0.129     4.064 r  Y_OBUF[8]_inst_i_1/O
                         net (fo=1, routed)           1.555     5.619    Y_OBUF[8]
    R21                  OBUF (Prop_obuf_I_O)         2.558     8.176 r  Y_OBUF[8]_inst/O
                         net (fo=0)                   0.000     8.176    Y[8]
    R21                                                               r  Y[8] (OUT)
  -------------------------------------------------------------------    -------------------

Slack:                    inf
  Source:                 In[11]
                            (input port)
  Destination:            Y[7]
                            (output port)
  Path Group:             (none)
  Path Type:              Max at Slow Process Corner
  Data Path Delay:        8.170ns  (logic 3.705ns (45.354%)  route 4.464ns (54.646%))
  Logic Levels:           7  (IBUF=1 LUT6=4 MUXF7=1 OBUF=1)

    Location             Delay type                Incr(ns)  Path(ns)    Netlist Resource(s)
  -------------------------------------------------------------------    -------------------
    T19                                               0.000     0.000 r  In[11] (IN)
                         net (fo=0)                   0.000     0.000    In[11]
    T19                  IBUF (Prop_ibuf_I_O)         0.809     0.809 r  In_IBUF[11]_inst/O
                         net (fo=25, routed)          1.456     2.265    In_IBUF[11]
    SLICE_X1Y14          LUT6 (Prop_lut6_I5_O)        0.053     2.318 r  Y_OBUF[6]_inst_i_7/O
                         net (fo=3, routed)           0.717     3.035    Y_OBUF[6]_inst_i_7_n_0
    SLICE_X0Y12          LUT6 (Prop_lut6_I5_O)        0.053     3.088 r  Y_OBUF[7]_inst_i_9/O
                         net (fo=1, routed)           0.000     3.088    Y_OBUF[7]_inst_i_9_n_0
    SLICE_X0Y12          MUXF7 (Prop_muxf7_I0_O)      0.127     3.215 r  Y_OBUF[7]_inst_i_5/O
                         net (fo=1, routed)           0.307     3.522    Y_OBUF[7]_inst_i_5_n_0
    SLICE_X0Y12          LUT6 (Prop_lut6_I3_O)        0.153     3.675 r  Y_OBUF[7]_inst_i_2/O
                         net (fo=1, routed)           0.409     4.084    Y_OBUF[7]_inst_i_2_n_0
    SLICE_X0Y13          LUT6 (Prop_lut6_I0_O)        0.053     4.137 r  Y_OBUF[7]_inst_i_1/O
                         net (fo=1, routed)           1.575     5.713    Y_OBUF[7]
    P21                  OBUF (Prop_obuf_I_O)         2.457     8.170 r  Y_OBUF[7]_inst/O
                         net (fo=0)                   0.000     8.170    Y[7]
    P21                                                               r  Y[7] (OUT)
  -------------------------------------------------------------------    -------------------

Slack:                    inf
  Source:                 In[16]
                            (input port)
  Destination:            Y[4]
                            (output port)
  Path Group:             (none)
  Path Type:              Max at Slow Process Corner
  Data Path Delay:        8.139ns  (logic 3.868ns (47.522%)  route 4.271ns (52.478%))
  Logic Levels:           7  (IBUF=1 LUT4=1 LUT6=3 MUXF7=1 OBUF=1)

    Location             Delay type                Incr(ns)  Path(ns)    Netlist Resource(s)
  -------------------------------------------------------------------    -------------------
    T22                                               0.000     0.000 r  In[16] (IN)
                         net (fo=0)                   0.000     0.000    In[16]
    T22                  IBUF (Prop_ibuf_I_O)         0.833     0.833 r  In_IBUF[16]_inst/O
                         net (fo=20, routed)          1.336     2.169    In_IBUF[16]
    SLICE_X4Y13          LUT6 (Prop_lut6_I2_O)        0.053     2.222 r  Y_OBUF[2]_inst_i_9/O
                         net (fo=2, routed)           0.679     2.901    Y_OBUF[2]_inst_i_9_n_0
    SLICE_X1Y12          LUT4 (Prop_lut4_I1_O)        0.063     2.964 r  Y_OBUF[2]_inst_i_7/O
                         net (fo=5, routed)           0.550     3.514    Y_OBUF[2]_inst_i_7_n_0
    SLICE_X0Y14          LUT6 (Prop_lut6_I4_O)        0.170     3.684 r  Y_OBUF[4]_inst_i_4/O
                         net (fo=1, routed)           0.316     4.000    Y_OBUF[4]_inst_i_4_n_0
    SLICE_X0Y14          LUT6 (Prop_lut6_I2_O)        0.053     4.053 r  Y_OBUF[4]_inst_i_2/O
                         net (fo=1, routed)           0.000     4.053    Y_OBUF[4]_inst_i_2_n_0
    SLICE_X0Y14          MUXF7 (Prop_muxf7_I0_O)      0.127     4.180 r  Y_OBUF[4]_inst_i_1/O
                         net (fo=1, routed)           1.390     5.570    Y_OBUF[4]
    T24                  OBUF (Prop_obuf_I_O)         2.569     8.139 r  Y_OBUF[4]_inst/O
                         net (fo=0)                   0.000     8.139    Y[4]
    T24                                                               r  Y[4] (OUT)
  -------------------------------------------------------------------    -------------------

Slack:                    inf
  Source:                 In[16]
                            (input port)
  Destination:            Y[2]
                            (output port)
  Path Group:             (none)
  Path Type:              Max at Slow Process Corner
  Data Path Delay:        7.917ns  (logic 3.626ns (45.801%)  route 4.291ns (54.199%))
  Logic Levels:           6  (IBUF=1 LUT4=1 LUT6=3 OBUF=1)

    Location             Delay type                Incr(ns)  Path(ns)    Netlist Resource(s)
  -------------------------------------------------------------------    -------------------
    T22                                               0.000     0.000 r  In[16] (IN)
                         net (fo=0)                   0.000     0.000    In[16]
    T22                  IBUF (Prop_ibuf_I_O)         0.833     0.833 r  In_IBUF[16]_inst/O
                         net (fo=20, routed)          1.336     2.169    In_IBUF[16]
    SLICE_X4Y13          LUT6 (Prop_lut6_I2_O)        0.053     2.222 r  Y_OBUF[2]_inst_i_9/O
                         net (fo=2, routed)           0.679     2.901    Y_OBUF[2]_inst_i_9_n_0
    SLICE_X1Y12          LUT4 (Prop_lut4_I1_O)        0.063     2.964 r  Y_OBUF[2]_inst_i_7/O
                         net (fo=5, routed)           0.561     3.525    Y_OBUF[2]_inst_i_7_n_0
    SLICE_X0Y11          LUT6 (Prop_lut6_I2_O)        0.170     3.695 r  Y_OBUF[2]_inst_i_4/O
                         net (fo=1, routed)           0.314     4.009    Y_OBUF[2]_inst_i_4_n_0
    SLICE_X0Y11          LUT6 (Prop_lut6_I4_O)        0.053     4.062 r  Y_OBUF[2]_inst_i_1/O
                         net (fo=1, routed)           1.401     5.463    Y_OBUF[2]
    T20                  OBUF (Prop_obuf_I_O)         2.454     7.917 r  Y_OBUF[2]_inst/O
                         net (fo=0)                   0.000     7.917    Y[2]
    T20                                                               r  Y[2] (OUT)
  -------------------------------------------------------------------    -------------------

Slack:                    inf
  Source:                 In[16]
                            (input port)
  Destination:            Y[5]
                            (output port)
  Path Group:             (none)
  Path Type:              Max at Slow Process Corner
  Data Path Delay:        7.892ns  (logic 3.641ns (46.133%)  route 4.251ns (53.867%))
  Logic Levels:           6  (IBUF=1 LUT4=1 LUT6=3 OBUF=1)

    Location             Delay type                Incr(ns)  Path(ns)    Netlist Resource(s)
  -------------------------------------------------------------------    -------------------
    T22                                               0.000     0.000 r  In[16] (IN)
                         net (fo=0)                   0.000     0.000    In[16]
    T22                  IBUF (Prop_ibuf_I_O)         0.833     0.833 r  In_IBUF[16]_inst/O
                         net (fo=20, routed)          1.336     2.169    In_IBUF[16]
    SLICE_X4Y13          LUT6 (Prop_lut6_I2_O)        0.053     2.222 r  Y_OBUF[2]_inst_i_9/O
                         net (fo=2, routed)           0.679     2.901    Y_OBUF[2]_inst_i_9_n_0
    SLICE_X1Y12          LUT4 (Prop_lut4_I1_O)        0.063     2.964 r  Y_OBUF[2]_inst_i_7/O
                         net (fo=5, routed)           0.533     3.498    Y_OBUF[2]_inst_i_7_n_0
    SLICE_X1Y14          LUT6 (Prop_lut6_I3_O)        0.170     3.668 r  Y_OBUF[5]_inst_i_3/O
                         net (fo=1, routed)           0.408     4.075    Y_OBUF[5]_inst_i_3_n_0
    SLICE_X0Y15          LUT6 (Prop_lut6_I3_O)        0.053     4.128 r  Y_OBUF[5]_inst_i_1/O
                         net (fo=1, routed)           1.295     5.423    Y_OBUF[5]
    R23                  OBUF (Prop_obuf_I_O)         2.469     7.892 r  Y_OBUF[5]_inst/O
                         net (fo=0)                   0.000     7.892    Y[5]
    R23                                                               r  Y[5] (OUT)
  -------------------------------------------------------------------    -------------------

Slack:                    inf
  Source:                 In[16]
                            (input port)
  Destination:            Y[3]
                            (output port)
  Path Group:             (none)
  Path Type:              Max at Slow Process Corner
  Data Path Delay:        7.635ns  (logic 3.644ns (47.726%)  route 3.991ns (52.274%))
  Logic Levels:           6  (IBUF=1 LUT4=1 LUT6=3 OBUF=1)

    Location             Delay type                Incr(ns)  Path(ns)    Netlist Resource(s)
  -------------------------------------------------------------------    -------------------
    T22                                               0.000     0.000 r  In[16] (IN)
                         net (fo=0)                   0.000     0.000    In[16]
    T22                  IBUF (Prop_ibuf_I_O)         0.833     0.833 r  In_IBUF[16]_inst/O
                         net (fo=20, routed)          1.336     2.169    In_IBUF[16]
    SLICE_X4Y13          LUT6 (Prop_lut6_I2_O)        0.053     2.222 r  Y_OBUF[2]_inst_i_9/O
                         net (fo=2, routed)           0.679     2.901    Y_OBUF[2]_inst_i_9_n_0
    SLICE_X1Y12          LUT4 (Prop_lut4_I1_O)        0.063     2.964 r  Y_OBUF[2]_inst_i_7/O
                         net (fo=5, routed)           0.264     3.228    Y_OBUF[2]_inst_i_7_n_0
    SLICE_X0Y13          LUT6 (Prop_lut6_I3_O)        0.170     3.398 r  Y_OBUF[3]_inst_i_3/O
                         net (fo=1, routed)           0.309     3.707    Y_OBUF[3]_inst_i_3_n_0
    SLICE_X0Y13          LUT6 (Prop_lut6_I3_O)        0.053     3.760 r  Y_OBUF[3]_inst_i_1/O
                         net (fo=1, routed)           1.403     5.163    Y_OBUF[3]
    T25                  OBUF (Prop_obuf_I_O)         2.472     7.635 r  Y_OBUF[3]_inst/O
                         net (fo=0)                   0.000     7.635    Y[3]
    T25                                                               r  Y[3] (OUT)
  -------------------------------------------------------------------    -------------------

Slack:                    inf
  Source:                 In[16]
                            (input port)
  Destination:            Y[1]
                            (output port)
  Path Group:             (none)
  Path Type:              Max at Slow Process Corner
  Data Path Delay:        7.589ns  (logic 3.630ns (47.829%)  route 3.959ns (52.171%))
  Logic Levels:           6  (IBUF=1 LUT3=1 LUT5=1 LUT6=2 OBUF=1)

    Location             Delay type                Incr(ns)  Path(ns)    Netlist Resource(s)
  -------------------------------------------------------------------    -------------------
    T22                                               0.000     0.000 f  In[16] (IN)
                         net (fo=0)                   0.000     0.000    In[16]
    T22                  IBUF (Prop_ibuf_I_O)         0.833     0.833 f  In_IBUF[16]_inst/O
                         net (fo=20, routed)          1.335     2.167    In_IBUF[16]
    SLICE_X2Y12          LUT5 (Prop_lut5_I1_O)        0.065     2.232 r  Y_OBUF[1]_inst_i_4/O
                         net (fo=5, routed)           0.579     2.811    Y_OBUF[1]_inst_i_4_n_0
    SLICE_X1Y11          LUT3 (Prop_lut3_I1_O)        0.168     2.979 r  Y_OBUF[1]_inst_i_3/O
                         net (fo=1, routed)           0.234     3.213    Y_OBUF[1]_inst_i_3_n_0
    SLICE_X1Y12          LUT6 (Prop_lut6_I2_O)        0.053     3.266 r  Y_OBUF[1]_inst_i_2/O
                         net (fo=1, routed)           0.560     3.826    Y_OBUF[1]_inst_i_2_n_0
    SLICE_X0Y15          LUT6 (Prop_lut6_I2_O)        0.053     3.879 r  Y_OBUF[1]_inst_i_1/O
                         net (fo=1, routed)           1.252     5.131    Y_OBUF[1]
    R20                  OBUF (Prop_obuf_I_O)         2.458     7.589 r  Y_OBUF[1]_inst/O
                         net (fo=0)                   0.000     7.589    Y[1]
    R20                                                               r  Y[1] (OUT)
  -------------------------------------------------------------------    -------------------





Min Delay Paths
--------------------------------------------------------------------------------------
Slack:                    inf
  Source:                 In[1]
                            (input port)
  Destination:            Y[2]
                            (output port)
  Path Group:             (none)
  Path Type:              Min at Fast Process Corner
  Data Path Delay:        2.320ns  (logic 1.394ns (60.095%)  route 0.926ns (39.905%))
  Logic Levels:           3  (IBUF=1 LUT6=1 OBUF=1)

    Location             Delay type                Incr(ns)  Path(ns)    Netlist Resource(s)
  -------------------------------------------------------------------    -------------------
    P18                                               0.000     0.000 f  In[1] (IN)
                         net (fo=0)                   0.000     0.000    In[1]
    P18                  IBUF (Prop_ibuf_I_O)         0.083     0.083 f  In_IBUF[1]_inst/O
                         net (fo=13, routed)          0.542     0.625    In_IBUF[1]
    SLICE_X0Y11          LUT6 (Prop_lut6_I3_O)        0.028     0.653 r  Y_OBUF[2]_inst_i_1/O
                         net (fo=1, routed)           0.384     1.037    Y_OBUF[2]
    T20                  OBUF (Prop_obuf_I_O)         1.283     2.320 r  Y_OBUF[2]_inst/O
                         net (fo=0)                   0.000     2.320    Y[2]
    T20                                                               r  Y[2] (OUT)
  -------------------------------------------------------------------    -------------------

Slack:                    inf
  Source:                 In[3]
                            (input port)
  Destination:            Y[1]
                            (output port)
  Path Group:             (none)
  Path Type:              Min at Fast Process Corner
  Data Path Delay:        2.328ns  (logic 1.367ns (58.715%)  route 0.961ns (41.285%))
  Logic Levels:           3  (IBUF=1 LUT6=1 OBUF=1)

    Location             Delay type                Incr(ns)  Path(ns)    Netlist Resource(s)
  -------------------------------------------------------------------    -------------------
    T17                                               0.000     0.000 r  In[3] (IN)
                         net (fo=0)                   0.000     0.000    In[3]
    T17                  IBUF (Prop_ibuf_I_O)         0.052     0.052 r  In_IBUF[3]_inst/O
                         net (fo=14, routed)          0.645     0.697    In_IBUF[3]
    SLICE_X0Y15          LUT6 (Prop_lut6_I1_O)        0.028     0.725 r  Y_OBUF[1]_inst_i_1/O
                         net (fo=1, routed)           0.316     1.041    Y_OBUF[1]
    R20                  OBUF (Prop_obuf_I_O)         1.287     2.328 r  Y_OBUF[1]_inst/O
                         net (fo=0)                   0.000     2.328    Y[1]
    R20                                                               r  Y[1] (OUT)
  -------------------------------------------------------------------    -------------------

Slack:                    inf
  Source:                 In[3]
                            (input port)
  Destination:            Y[6]
                            (output port)
  Path Group:             (none)
  Path Type:              Min at Fast Process Corner
  Data Path Delay:        2.350ns  (logic 1.380ns (58.717%)  route 0.970ns (41.284%))
  Logic Levels:           3  (IBUF=1 LUT6=1 OBUF=1)

    Location             Delay type                Incr(ns)  Path(ns)    Netlist Resource(s)
  -------------------------------------------------------------------    -------------------
    T17                                               0.000     0.000 r  In[3] (IN)
                         net (fo=0)                   0.000     0.000    In[3]
    T17                  IBUF (Prop_ibuf_I_O)         0.052     0.052 r  In_IBUF[3]_inst/O
                         net (fo=14, routed)          0.586     0.638    In_IBUF[3]
    SLICE_X0Y15          LUT6 (Prop_lut6_I4_O)        0.028     0.666 r  Y_OBUF[6]_inst_i_1/O
                         net (fo=1, routed)           0.384     1.050    Y_OBUF[6]
    R22                  OBUF (Prop_obuf_I_O)         1.300     2.350 r  Y_OBUF[6]_inst/O
                         net (fo=0)                   0.000     2.350    Y[6]
    R22                                                               r  Y[6] (OUT)
  -------------------------------------------------------------------    -------------------

Slack:                    inf
  Source:                 In[3]
                            (input port)
  Destination:            Y[5]
                            (output port)
  Path Group:             (none)
  Path Type:              Min at Fast Process Corner
  Data Path Delay:        2.358ns  (logic 1.378ns (58.435%)  route 0.980ns (41.565%))
  Logic Levels:           3  (IBUF=1 LUT6=1 OBUF=1)

    Location             Delay type                Incr(ns)  Path(ns)    Netlist Resource(s)
  -------------------------------------------------------------------    -------------------
    T17                                               0.000     0.000 f  In[3] (IN)
                         net (fo=0)                   0.000     0.000    In[3]
    T17                  IBUF (Prop_ibuf_I_O)         0.052     0.052 f  In_IBUF[3]_inst/O
                         net (fo=14, routed)          0.640     0.692    In_IBUF[3]
    SLICE_X0Y15          LUT6 (Prop_lut6_I4_O)        0.028     0.720 r  Y_OBUF[5]_inst_i_1/O
                         net (fo=1, routed)           0.341     1.060    Y_OBUF[5]
    R23                  OBUF (Prop_obuf_I_O)         1.298     2.358 r  Y_OBUF[5]_inst/O
                         net (fo=0)                   0.000     2.358    Y[5]
    R23                                                               r  Y[5] (OUT)
  -------------------------------------------------------------------    -------------------

Slack:                    inf
  Source:                 In[6]
                            (input port)
  Destination:            Y[3]
                            (output port)
  Path Group:             (none)
  Path Type:              Min at Fast Process Corner
  Data Path Delay:        2.422ns  (logic 1.449ns (59.844%)  route 0.972ns (40.156%))
  Logic Levels:           4  (IBUF=1 LUT6=2 OBUF=1)

    Location             Delay type                Incr(ns)  Path(ns)    Netlist Resource(s)
  -------------------------------------------------------------------    -------------------
    N18                                               0.000     0.000 r  In[6] (IN)
                         net (fo=0)                   0.000     0.000    In[6]
    N18                  IBUF (Prop_ibuf_I_O)         0.092     0.092 r  In_IBUF[6]_inst/O
                         net (fo=16, routed)          0.454     0.546    In_IBUF[6]
    SLICE_X2Y13          LUT6 (Prop_lut6_I3_O)        0.028     0.574 r  Y_OBUF[3]_inst_i_2/O
                         net (fo=1, routed)           0.128     0.702    Y_OBUF[3]_inst_i_2_n_0
    SLICE_X0Y13          LUT6 (Prop_lut6_I0_O)        0.028     0.730 r  Y_OBUF[3]_inst_i_1/O
                         net (fo=1, routed)           0.391     1.121    Y_OBUF[3]
    T25                  OBUF (Prop_obuf_I_O)         1.301     2.422 r  Y_OBUF[3]_inst/O
                         net (fo=0)                   0.000     2.422    Y[3]
    T25                                                               r  Y[3] (OUT)
  -------------------------------------------------------------------    -------------------

Slack:                    inf
  Source:                 In[0]
                            (input port)
  Destination:            Y[8]
                            (output port)
  Path Group:             (none)
  Path Type:              Min at Fast Process Corner
  Data Path Delay:        2.451ns  (logic 1.464ns (59.721%)  route 0.987ns (40.279%))
  Logic Levels:           3  (IBUF=1 MUXF7=1 OBUF=1)

    Location             Delay type                Incr(ns)  Path(ns)    Netlist Resource(s)
  -------------------------------------------------------------------    -------------------
    U16                                               0.000     0.000 r  In[0] (IN)
                         net (fo=0)                   0.000     0.000    In[0]
    U16                  IBUF (Prop_ibuf_I_O)         0.066     0.066 r  In_IBUF[0]_inst/O
                         net (fo=8, routed)           0.525     0.591    In_IBUF[0]
    SLICE_X3Y13          MUXF7 (Prop_muxf7_S_O)       0.071     0.662 r  Y_OBUF[8]_inst_i_1/O
                         net (fo=1, routed)           0.462     1.124    Y_OBUF[8]
    R21                  OBUF (Prop_obuf_I_O)         1.327     2.451 r  Y_OBUF[8]_inst/O
                         net (fo=0)                   0.000     2.451    Y[8]
    R21                                                               r  Y[8] (OUT)
  -------------------------------------------------------------------    -------------------

Slack:                    inf
  Source:                 In[1]
                            (input port)
  Destination:            Y[4]
                            (output port)
  Path Group:             (none)
  Path Type:              Min at Fast Process Corner
  Data Path Delay:        2.481ns  (logic 1.499ns (60.413%)  route 0.982ns (39.587%))
  Logic Levels:           4  (IBUF=1 LUT6=1 MUXF7=1 OBUF=1)

    Location             Delay type                Incr(ns)  Path(ns)    Netlist Resource(s)
  -------------------------------------------------------------------    -------------------
    P18                                               0.000     0.000 f  In[1] (IN)
                         net (fo=0)                   0.000     0.000    In[1]
    P18                  IBUF (Prop_ibuf_I_O)         0.083     0.083 f  In_IBUF[1]_inst/O
                         net (fo=13, routed)          0.599     0.682    In_IBUF[1]
    SLICE_X0Y14          LUT6 (Prop_lut6_I0_O)        0.028     0.710 r  Y_OBUF[4]_inst_i_2/O
                         net (fo=1, routed)           0.000     0.710    Y_OBUF[4]_inst_i_2_n_0
    SLICE_X0Y14          MUXF7 (Prop_muxf7_I0_O)      0.050     0.760 r  Y_OBUF[4]_inst_i_1/O
                         net (fo=1, routed)           0.383     1.143    Y_OBUF[4]
    T24                  OBUF (Prop_obuf_I_O)         1.338     2.481 r  Y_OBUF[4]_inst/O
                         net (fo=0)                   0.000     2.481    Y[4]
    T24                                                               r  Y[4] (OUT)
  -------------------------------------------------------------------    -------------------

Slack:                    inf
  Source:                 In[2]
                            (input port)
  Destination:            Y[7]
                            (output port)
  Path Group:             (none)
  Path Type:              Min at Fast Process Corner
  Data Path Delay:        2.528ns  (logic 1.393ns (55.090%)  route 1.135ns (44.910%))
  Logic Levels:           3  (IBUF=1 LUT6=1 OBUF=1)

    Location             Delay type                Incr(ns)  Path(ns)    Netlist Resource(s)
  -------------------------------------------------------------------    -------------------
    R18                                               0.000     0.000 r  In[2] (IN)
                         net (fo=0)                   0.000     0.000    In[2]
    R18                  IBUF (Prop_ibuf_I_O)         0.078     0.078 r  In_IBUF[2]_inst/O
                         net (fo=10, routed)          0.670     0.748    In_IBUF[2]
    SLICE_X0Y13          LUT6 (Prop_lut6_I5_O)        0.028     0.776 r  Y_OBUF[7]_inst_i_1/O
                         net (fo=1, routed)           0.465     1.241    Y_OBUF[7]
    P21                  OBUF (Prop_obuf_I_O)         1.286     2.528 r  Y_OBUF[7]_inst/O
                         net (fo=0)                   0.000     2.528    Y[7]
    P21                                                               r  Y[7] (OUT)
  -------------------------------------------------------------------    -------------------





